[21-Dec-2020 12:45:34] NOTICE: fpm is running, pid 15924
[21-Dec-2020 12:45:34] NOTICE: ready to handle connections
[21-Dec-2020 13:02:06] NOTICE: Terminating ...
[21-Dec-2020 13:02:06] NOTICE: exiting, bye-bye!
[21-Dec-2020 13:02:10] NOTICE: fpm is running, pid 17307
[21-Dec-2020 13:02:10] NOTICE: ready to handle connections
[21-Dec-2020 20:07:01] NOTICE: Terminating ...
[21-Dec-2020 20:07:01] NOTICE: exiting, bye-bye!
[22-Dec-2020 09:40:41] NOTICE: fpm is running, pid 3992
[22-Dec-2020 09:40:41] NOTICE: ready to handle connections
[22-Dec-2020 09:48:38] NOTICE: Terminating ...
[22-Dec-2020 09:48:38] NOTICE: exiting, bye-bye!
[22-Dec-2020 10:29:53] NOTICE: fpm is running, pid 8584
[22-Dec-2020 10:29:53] NOTICE: ready to handle connections
[22-Dec-2020 10:33:44] NOTICE: Terminating ...
[22-Dec-2020 10:33:44] NOTICE: exiting, bye-bye!
[02-Jan-2021 13:13:00] NOTICE: fpm is running, pid 30458
[02-Jan-2021 13:13:00] NOTICE: ready to handle connections
[02-Jan-2021 14:50:13] NOTICE: fpm is running, pid 1196
[02-Jan-2021 14:50:13] NOTICE: ready to handle connections
